Performing C SOURCE FILE Test CMAKE_HAVE_LIBC_PTHREAD failed with the following output:
Change Dir: /home/ynwad/workspace/chat_room/CMakeFiles/CMakeTmp

Run Build Command(s):/usr/bin/gmake cmTC_59198/fast && /usr/bin/gmake  -f CMakeFiles/cmTC_59198.dir/build.make CMakeFiles/cmTC_59198.dir/build
gmake[1]: Entering directory '/home/ynwad/workspace/chat_room/CMakeFiles/CMakeTmp'
Building C object CMakeFiles/cmTC_59198.dir/src.c.o
/usr/bin/cc   -rdynamic -O3 -fPIC -ggdb -std=c11 -Wall -Wno-deprecated -Werror -Wno-unused-function -Wno-builtin-macro-redefined -Wno-deprecated-declarations -DCMAKE_HAVE_LIBC_PTHREAD -o CMakeFiles/cmTC_59198.dir/src.c.o -c /home/ynwad/workspace/chat_room/CMakeFiles/CMakeTmp/src.c
Linking C executable cmTC_59198
/usr/bin/cmake -E cmake_link_script CMakeFiles/cmTC_59198.dir/link.txt --verbose=1
/usr/bin/cc  -rdynamic -O3 -fPIC -ggdb -std=c11 -Wall -Wno-deprecated -Werror -Wno-unused-function -Wno-builtin-macro-redefined -Wno-deprecated-declarations -DCMAKE_HAVE_LIBC_PTHREAD -rdynamic CMakeFiles/cmTC_59198.dir/src.c.o -o cmTC_59198 
/usr/bin/ld: CMakeFiles/cmTC_59198.dir/src.c.o: in function `main':
/home/ynwad/workspace/chat_room/CMakeFiles/CMakeTmp/src.c:11: undefined reference to `pthread_create'
/usr/bin/ld: /home/ynwad/workspace/chat_room/CMakeFiles/CMakeTmp/src.c:12: undefined reference to `pthread_detach'
/usr/bin/ld: /home/ynwad/workspace/chat_room/CMakeFiles/CMakeTmp/src.c:13: undefined reference to `pthread_cancel'
/usr/bin/ld: /home/ynwad/workspace/chat_room/CMakeFiles/CMakeTmp/src.c:14: undefined reference to `pthread_join'
collect2: error: ld returned 1 exit status
gmake[1]: *** [CMakeFiles/cmTC_59198.dir/build.make:106: cmTC_59198] Error 1
gmake[1]: Leaving directory '/home/ynwad/workspace/chat_room/CMakeFiles/CMakeTmp'
gmake: *** [Makefile:140: cmTC_59198/fast] Error 2


Source file was:
#include <pthread.h>

void* test_func(void* data)
{
  return data;
}

int main(void)
{
  pthread_t thread;
  pthread_create(&thread, NULL, test_func, NULL);
  pthread_detach(thread);
  pthread_cancel(thread);
  pthread_join(thread, NULL);
  pthread_atfork(NULL, NULL, NULL);
  pthread_exit(NULL);

  return 0;
}

Determining if the function pthread_create exists in the pthreads failed with the following output:
Change Dir: /home/ynwad/workspace/chat_room/CMakeFiles/CMakeTmp

Run Build Command(s):/usr/bin/gmake cmTC_3b317/fast && /usr/bin/gmake  -f CMakeFiles/cmTC_3b317.dir/build.make CMakeFiles/cmTC_3b317.dir/build
gmake[1]: Entering directory '/home/ynwad/workspace/chat_room/CMakeFiles/CMakeTmp'
Building C object CMakeFiles/cmTC_3b317.dir/CheckFunctionExists.c.o
/usr/bin/cc   -rdynamic -O3 -fPIC -ggdb -std=c11 -Wall -Wno-deprecated -Werror -Wno-unused-function -Wno-builtin-macro-redefined -Wno-deprecated-declarations -DCHECK_FUNCTION_EXISTS=pthread_create -o CMakeFiles/cmTC_3b317.dir/CheckFunctionExists.c.o -c /usr/share/cmake-3.18/Modules/CheckFunctionExists.c
Linking C executable cmTC_3b317
/usr/bin/cmake -E cmake_link_script CMakeFiles/cmTC_3b317.dir/link.txt --verbose=1
/usr/bin/cc  -rdynamic -O3 -fPIC -ggdb -std=c11 -Wall -Wno-deprecated -Werror -Wno-unused-function -Wno-builtin-macro-redefined -Wno-deprecated-declarations -DCHECK_FUNCTION_EXISTS=pthread_create -rdynamic CMakeFiles/cmTC_3b317.dir/CheckFunctionExists.c.o -o cmTC_3b317  -lpthreads 
/usr/bin/ld: cannot find -lpthreads
collect2: error: ld returned 1 exit status
gmake[1]: *** [CMakeFiles/cmTC_3b317.dir/build.make:106: cmTC_3b317] Error 1
gmake[1]: Leaving directory '/home/ynwad/workspace/chat_room/CMakeFiles/CMakeTmp'
gmake: *** [Makefile:140: cmTC_3b317/fast] Error 2



Performing C SOURCE FILE Test CMAKE_HAVE_LIBC_PTHREAD failed with the following output:
Change Dir: /home/ynwad/workspace/chat_room/CMakeFiles/CMakeTmp

Run Build Command(s):/usr/bin/gmake cmTC_7ff78/fast && /usr/bin/gmake  -f CMakeFiles/cmTC_7ff78.dir/build.make CMakeFiles/cmTC_7ff78.dir/build
gmake[1]: Entering directory '/home/ynwad/workspace/chat_room/CMakeFiles/CMakeTmp'
Building C object CMakeFiles/cmTC_7ff78.dir/src.c.o
/usr/bin/cc   -rdynamic -O3 -fPIC -ggdb -std=c11 -Wall -Wno-deprecated -Werror -Wno-unused-function -Wno-builtin-macro-redefined -Wno-deprecated-declarations -DCMAKE_HAVE_LIBC_PTHREAD -o CMakeFiles/cmTC_7ff78.dir/src.c.o -c /home/ynwad/workspace/chat_room/CMakeFiles/CMakeTmp/src.c
Linking C executable cmTC_7ff78
/usr/bin/cmake -E cmake_link_script CMakeFiles/cmTC_7ff78.dir/link.txt --verbose=1
/usr/bin/cc  -rdynamic -O3 -fPIC -ggdb -std=c11 -Wall -Wno-deprecated -Werror -Wno-unused-function -Wno-builtin-macro-redefined -Wno-deprecated-declarations -DCMAKE_HAVE_LIBC_PTHREAD -rdynamic CMakeFiles/cmTC_7ff78.dir/src.c.o -o cmTC_7ff78 
/usr/bin/ld: CMakeFiles/cmTC_7ff78.dir/src.c.o: in function `main':
/home/ynwad/workspace/chat_room/CMakeFiles/CMakeTmp/src.c:11: undefined reference to `pthread_create'
/usr/bin/ld: /home/ynwad/workspace/chat_room/CMakeFiles/CMakeTmp/src.c:12: undefined reference to `pthread_detach'
/usr/bin/ld: /home/ynwad/workspace/chat_room/CMakeFiles/CMakeTmp/src.c:13: undefined reference to `pthread_cancel'
/usr/bin/ld: /home/ynwad/workspace/chat_room/CMakeFiles/CMakeTmp/src.c:14: undefined reference to `pthread_join'
collect2: error: ld returned 1 exit status
gmake[1]: *** [CMakeFiles/cmTC_7ff78.dir/build.make:106: cmTC_7ff78] Error 1
gmake[1]: Leaving directory '/home/ynwad/workspace/chat_room/CMakeFiles/CMakeTmp'
gmake: *** [Makefile:140: cmTC_7ff78/fast] Error 2


Source file was:
#include <pthread.h>

void* test_func(void* data)
{
  return data;
}

int main(void)
{
  pthread_t thread;
  pthread_create(&thread, NULL, test_func, NULL);
  pthread_detach(thread);
  pthread_cancel(thread);
  pthread_join(thread, NULL);
  pthread_atfork(NULL, NULL, NULL);
  pthread_exit(NULL);

  return 0;
}

Determining if the function pthread_create exists in the pthreads failed with the following output:
Change Dir: /home/ynwad/workspace/chat_room/CMakeFiles/CMakeTmp

Run Build Command(s):/usr/bin/gmake cmTC_1e2bd/fast && /usr/bin/gmake  -f CMakeFiles/cmTC_1e2bd.dir/build.make CMakeFiles/cmTC_1e2bd.dir/build
gmake[1]: Entering directory '/home/ynwad/workspace/chat_room/CMakeFiles/CMakeTmp'
Building C object CMakeFiles/cmTC_1e2bd.dir/CheckFunctionExists.c.o
/usr/bin/cc   -rdynamic -O3 -fPIC -ggdb -std=c11 -Wall -Wno-deprecated -Werror -Wno-unused-function -Wno-builtin-macro-redefined -Wno-deprecated-declarations -DCHECK_FUNCTION_EXISTS=pthread_create -o CMakeFiles/cmTC_1e2bd.dir/CheckFunctionExists.c.o -c /usr/share/cmake-3.18/Modules/CheckFunctionExists.c
Linking C executable cmTC_1e2bd
/usr/bin/cmake -E cmake_link_script CMakeFiles/cmTC_1e2bd.dir/link.txt --verbose=1
/usr/bin/cc  -rdynamic -O3 -fPIC -ggdb -std=c11 -Wall -Wno-deprecated -Werror -Wno-unused-function -Wno-builtin-macro-redefined -Wno-deprecated-declarations -DCHECK_FUNCTION_EXISTS=pthread_create -rdynamic CMakeFiles/cmTC_1e2bd.dir/CheckFunctionExists.c.o -o cmTC_1e2bd  -lpthreads 
/usr/bin/ld: cannot find -lpthreads
collect2: error: ld returned 1 exit status
gmake[1]: *** [CMakeFiles/cmTC_1e2bd.dir/build.make:106: cmTC_1e2bd] Error 1
gmake[1]: Leaving directory '/home/ynwad/workspace/chat_room/CMakeFiles/CMakeTmp'
gmake: *** [Makefile:140: cmTC_1e2bd/fast] Error 2



Performing C SOURCE FILE Test CMAKE_HAVE_LIBC_PTHREAD failed with the following output:
Change Dir: /home/ynwad/workspace/chat_room/CMakeFiles/CMakeTmp

Run Build Command(s):/usr/bin/gmake cmTC_496c9/fast && /usr/bin/gmake  -f CMakeFiles/cmTC_496c9.dir/build.make CMakeFiles/cmTC_496c9.dir/build
gmake[1]: Entering directory '/home/ynwad/workspace/chat_room/CMakeFiles/CMakeTmp'
Building C object CMakeFiles/cmTC_496c9.dir/src.c.o
/usr/bin/cc   -rdynamic -O3 -fPIC -ggdb -std=c11 -Wall -Wno-deprecated -Werror -Wno-unused-function -Wno-builtin-macro-redefined -Wno-deprecated-declarations -DCMAKE_HAVE_LIBC_PTHREAD -o CMakeFiles/cmTC_496c9.dir/src.c.o -c /home/ynwad/workspace/chat_room/CMakeFiles/CMakeTmp/src.c
Linking C executable cmTC_496c9
/usr/bin/cmake -E cmake_link_script CMakeFiles/cmTC_496c9.dir/link.txt --verbose=1
/usr/bin/cc  -rdynamic -O3 -fPIC -ggdb -std=c11 -Wall -Wno-deprecated -Werror -Wno-unused-function -Wno-builtin-macro-redefined -Wno-deprecated-declarations -DCMAKE_HAVE_LIBC_PTHREAD -rdynamic CMakeFiles/cmTC_496c9.dir/src.c.o -o cmTC_496c9 
/usr/bin/ld: CMakeFiles/cmTC_496c9.dir/src.c.o: in function `main':
/home/ynwad/workspace/chat_room/CMakeFiles/CMakeTmp/src.c:11: undefined reference to `pthread_create'
/usr/bin/ld: /home/ynwad/workspace/chat_room/CMakeFiles/CMakeTmp/src.c:12: undefined reference to `pthread_detach'
/usr/bin/ld: /home/ynwad/workspace/chat_room/CMakeFiles/CMakeTmp/src.c:13: undefined reference to `pthread_cancel'
/usr/bin/ld: /home/ynwad/workspace/chat_room/CMakeFiles/CMakeTmp/src.c:14: undefined reference to `pthread_join'
collect2: error: ld returned 1 exit status
gmake[1]: *** [CMakeFiles/cmTC_496c9.dir/build.make:106: cmTC_496c9] Error 1
gmake[1]: Leaving directory '/home/ynwad/workspace/chat_room/CMakeFiles/CMakeTmp'
gmake: *** [Makefile:140: cmTC_496c9/fast] Error 2


Source file was:
#include <pthread.h>

void* test_func(void* data)
{
  return data;
}

int main(void)
{
  pthread_t thread;
  pthread_create(&thread, NULL, test_func, NULL);
  pthread_detach(thread);
  pthread_cancel(thread);
  pthread_join(thread, NULL);
  pthread_atfork(NULL, NULL, NULL);
  pthread_exit(NULL);

  return 0;
}

Determining if the function pthread_create exists in the pthreads failed with the following output:
Change Dir: /home/ynwad/workspace/chat_room/CMakeFiles/CMakeTmp

Run Build Command(s):/usr/bin/gmake cmTC_d5776/fast && /usr/bin/gmake  -f CMakeFiles/cmTC_d5776.dir/build.make CMakeFiles/cmTC_d5776.dir/build
gmake[1]: Entering directory '/home/ynwad/workspace/chat_room/CMakeFiles/CMakeTmp'
Building C object CMakeFiles/cmTC_d5776.dir/CheckFunctionExists.c.o
/usr/bin/cc   -rdynamic -O3 -fPIC -ggdb -std=c11 -Wall -Wno-deprecated -Werror -Wno-unused-function -Wno-builtin-macro-redefined -Wno-deprecated-declarations -DCHECK_FUNCTION_EXISTS=pthread_create -o CMakeFiles/cmTC_d5776.dir/CheckFunctionExists.c.o -c /usr/share/cmake-3.18/Modules/CheckFunctionExists.c
Linking C executable cmTC_d5776
/usr/bin/cmake -E cmake_link_script CMakeFiles/cmTC_d5776.dir/link.txt --verbose=1
/usr/bin/cc  -rdynamic -O3 -fPIC -ggdb -std=c11 -Wall -Wno-deprecated -Werror -Wno-unused-function -Wno-builtin-macro-redefined -Wno-deprecated-declarations -DCHECK_FUNCTION_EXISTS=pthread_create -rdynamic CMakeFiles/cmTC_d5776.dir/CheckFunctionExists.c.o -o cmTC_d5776  -lpthreads 
/usr/bin/ld: cannot find -lpthreads
collect2: error: ld returned 1 exit status
gmake[1]: *** [CMakeFiles/cmTC_d5776.dir/build.make:106: cmTC_d5776] Error 1
gmake[1]: Leaving directory '/home/ynwad/workspace/chat_room/CMakeFiles/CMakeTmp'
gmake: *** [Makefile:140: cmTC_d5776/fast] Error 2



